<?xml version="1.0" encoding="UTF-8"?>
<!-- Generated by org.testng.reporters.JUnitReportReporter -->
<testsuite hostname="DESKTOP-79FQPHF" failures="0" tests="3" name="ui_elements.Testbuttons" time="25.570" errors="0" timestamp="2025-01-28T10:11:59 IST" skipped="0">
  <testcase classname="ui_elements.Testbuttons" name="buttonDisabled" time="10.921"/>
  <testcase classname="ui_elements.Testbuttons" name="lookslike_a_Button" time="8.412"/>
  <testcase classname="ui_elements.Testbuttons" name="simpleButtons" time="6.237"/>
</testsuite> <!-- ui_elements.Testbuttons -->
